<?xml version="1.0" encoding="UTF-8"?>
<!-- Generated by org.testng.reporters.JUnitReportReporter -->
<testsuite hostname="AMAR-PC" name="com.cnm.Testing" tests="2" failures="0" timestamp="20 Dec 2017 14:13:57 GMT" time="0.031" errors="0">
  <testcase name="compareinteger" time="0.031" classname="com.cnm.Testing"/>
  <testcase name="comparestring" time="0.000" classname="com.cnm.Testing"/>
</testsuite> <!-- com.cnm.Testing -->
